生成启动时间为 2023/5/9 9:02:54。
     1>项目“C:\C语言学习\study20230509\study20230509\study20230509.vcxproj”在节点 2 上(build 个目标)。
     1>PrepareForBuild:
         正在创建目录“C:\C语言学习\study20230509\Debug\”。
       InitializeBuildStatus:
         正在创建“Debug\study20230509.unsuccessfulbuild”，因为已指定“AlwaysCreate”。
       ClCompile:
         C:\Program Files (x86)\Microsoft Visual Studio 10.0\VC\bin\CL.exe /c /ZI /nologo /W3 /WX- /Od /Oy- /D _MBCS /Gm /EHsc /RTC1 /MDd /GS /fp:precise /Zc:wchar_t /Zc:forScope /Fo"Debug\\" /Fd"Debug\vc100.pdb" /Gd /TC /analyze- /errorReport:prompt test.c
         test.c
       Link:
         C:\Program Files (x86)\Microsoft Visual Studio 10.0\VC\bin\link.exe /ERRORREPORT:PROMPT /OUT:"C:\C语言学习\study20230509\Debug\study20230509.exe" /NOLOGO kernel32.lib user32.lib gdi32.lib winspool.lib comdlg32.lib advapi32.lib shell32.lib ole32.lib oleaut32.lib uuid.lib odbc32.lib odbccp32.lib /MANIFEST /ManifestFile:"Debug\study20230509.exe.intermediate.manifest" /MANIFESTUAC:"level='asInvoker' uiAccess='false'" /DEBUG /PDB:"C:\C语言学习\study20230509\Debug\study20230509.pdb" /SUBSYSTEM:CONSOLE /TLBID:1 /DYNAMICBASE /NXCOMPAT /IMPLIB:"C:\C语言学习\study20230509\Debug\study20230509.lib" /MACHINE:X86 Debug\test.obj
         study20230509.vcxproj -> C:\C语言学习\study20230509\Debug\study20230509.exe
       Manifest:
         C:\Program Files (x86)\Microsoft SDKs\Windows\v7.0A\bin\mt.exe /nologo /verbose /outputresource:"C:\C语言学习\study20230509\Debug\study20230509.exe;#1" /manifest Debug\study20230509.exe.intermediate.manifest
       FinalizeBuildStatus:
         正在删除文件“Debug\study20230509.unsuccessfulbuild”。
         正在对“Debug\study20230509.lastbuildstate”执行 Touch 任务。
     1>已完成生成项目“C:\C语言学习\study20230509\study20230509\study20230509.vcxproj”(build 个目标)的操作。

生成成功。

已用时间 00:00:01.04
